-------------------------------------------------------------------------------
Test set: ch.bbw.ConsoleCalculator.CalculatorTest
-------------------------------------------------------------------------------
Tests run: 2, Failures: 1, Errors: 0, Skipped: 0, Time elapsed: 0.001 s <<< FAILURE! - in ch.bbw.ConsoleCalculator.CalculatorTest
testSubtractionZweiPositiveIsOk(ch.bbw.ConsoleCalculator.CalculatorTest)  Time elapsed: 0.001 s  <<< FAILURE!
java.lang.AssertionError
	at ch.bbw.ConsoleCalculator.CalculatorTest.testSubtractionZweiPositiveIsOk(CalculatorTest.java:18)

