<?xml version="1.0" encoding="UTF-8"?>
<testsuite xmlns:xsi="http://www.w3.org/2001/XMLSchema-instance" xsi:noNamespaceSchemaLocation="https://maven.apache.org/surefire/maven-surefire-plugin/xsd/surefire-test-report.xsd" name="ch.bbw.ConsoleCalculator.CalculatorTest" time="0.003" tests="24" errors="24" skipped="0" failures="0">
  <properties>
    <property name="sun.desktop" value="windows"/>
    <property name="awt.toolkit" value="sun.awt.windows.WToolkit"/>
    <property name="file.encoding.pkg" value="sun.io"/>
    <property name="java.specification.version" value="1.8"/>
    <property name="sun.cpu.isalist" value="amd64"/>
    <property name="sun.jnu.encoding" value="Cp1252"/>
    <property name="java.class.path" value="F:\Schule\2. Lehrjahr\BBW\Projects\ConsoleCalculator\target\test-classes;F:\Schule\2. Lehrjahr\BBW\Projects\ConsoleCalculator\target\classes;C:\Users\joëlWäger\.m2\repository\junit\junit\4.12\junit-4.12.jar;C:\Users\joëlWäger\.m2\repository\org\hamcrest\hamcrest-core\1.3\hamcrest-core-1.3.jar;"/>
    <property name="java.vm.vendor" value="Oracle Corporation"/>
    <property name="sun.arch.data.model" value="64"/>
    <property name="user.variant" value=""/>
    <property name="java.vendor.url" value="http://java.oracle.com/"/>
    <property name="user.timezone" value="Europe/Berlin"/>
    <property name="java.vm.specification.version" value="1.8"/>
    <property name="os.name" value="Windows 10"/>
    <property name="user.country" value="CH"/>
    <property name="sun.java.launcher" value="SUN_STANDARD"/>
    <property name="sun.boot.library.path" value="C:\Program Files\Java\jdk1.8.0_151\jre\bin"/>
    <property name="sun.java.command" value="C:\Users\JOLWGE~1\AppData\Local\Temp\surefire8029903936739136871\surefirebooter4198092899046137994.jar C:\Users\joëlWäger\AppData\Local\Temp\surefire8029903936739136871 2019-01-20T16-05-26_995-jvmRun1 surefire895200865979294394tmp surefire_0246025178769027991tmp"/>
    <property name="surefire.test.class.path" value="F:\Schule\2. Lehrjahr\BBW\Projects\ConsoleCalculator\target\test-classes;F:\Schule\2. Lehrjahr\BBW\Projects\ConsoleCalculator\target\classes;C:\Users\joëlWäger\.m2\repository\junit\junit\4.12\junit-4.12.jar;C:\Users\joëlWäger\.m2\repository\org\hamcrest\hamcrest-core\1.3\hamcrest-core-1.3.jar;"/>
    <property name="sun.cpu.endian" value="little"/>
    <property name="user.home" value="C:\Users\joëlWäger"/>
    <property name="user.language" value="de"/>
    <property name="java.specification.vendor" value="Oracle Corporation"/>
    <property name="java.home" value="C:\Program Files\Java\jdk1.8.0_151\jre"/>
    <property name="basedir" value="F:\Schule\2. Lehrjahr\BBW\Projects\ConsoleCalculator"/>
    <property name="file.separator" value="\"/>
    <property name="line.separator" value="&#10;"/>
    <property name="java.vm.specification.vendor" value="Oracle Corporation"/>
    <property name="java.specification.name" value="Java Platform API Specification"/>
    <property name="java.awt.graphicsenv" value="sun.awt.Win32GraphicsEnvironment"/>
    <property name="surefire.real.class.path" value="C:\Users\JOLWGE~1\AppData\Local\Temp\surefire8029903936739136871\surefirebooter4198092899046137994.jar"/>
    <property name="sun.boot.class.path" value="C:\Program Files\Java\jdk1.8.0_151\jre\lib\resources.jar;C:\Program Files\Java\jdk1.8.0_151\jre\lib\rt.jar;C:\Program Files\Java\jdk1.8.0_151\jre\lib\sunrsasign.jar;C:\Program Files\Java\jdk1.8.0_151\jre\lib\jsse.jar;C:\Program Files\Java\jdk1.8.0_151\jre\lib\jce.jar;C:\Program Files\Java\jdk1.8.0_151\jre\lib\charsets.jar;C:\Program Files\Java\jdk1.8.0_151\jre\lib\jfr.jar;C:\Program Files\Java\jdk1.8.0_151\jre\classes"/>
    <property name="user.script" value=""/>
    <property name="sun.management.compiler" value="HotSpot 64-Bit Tiered Compilers"/>
    <property name="java.runtime.version" value="1.8.0_151-b12"/>
    <property name="user.name" value="joëlWäger"/>
    <property name="path.separator" value=";"/>
    <property name="os.version" value="10.0"/>
    <property name="java.endorsed.dirs" value="C:\Program Files\Java\jdk1.8.0_151\jre\lib\endorsed"/>
    <property name="java.runtime.name" value="Java(TM) SE Runtime Environment"/>
    <property name="file.encoding" value="Cp1252"/>
    <property name="java.vm.name" value="Java HotSpot(TM) 64-Bit Server VM"/>
    <property name="localRepository" value="C:\Users\joëlWäger\.m2\repository"/>
    <property name="java.vendor.url.bug" value="http://bugreport.sun.com/bugreport/"/>
    <property name="java.io.tmpdir" value="C:\Users\JOLWGE~1\AppData\Local\Temp\"/>
    <property name="java.version" value="1.8.0_151"/>
    <property name="user.dir" value="F:\Schule\2. Lehrjahr\BBW\Projects\ConsoleCalculator"/>
    <property name="os.arch" value="amd64"/>
    <property name="java.vm.specification.name" value="Java Virtual Machine Specification"/>
    <property name="java.awt.printerjob" value="sun.awt.windows.WPrinterJob"/>
    <property name="sun.os.patch.level" value=""/>
    <property name="java.library.path" value="C:\Program Files\Java\jdk1.8.0_151\jre\bin;C:\WINDOWS\Sun\Java\bin;C:\WINDOWS\system32;C:\WINDOWS;C:/Program Files/Java/jre1.8.0_191/bin/server;C:/Program Files/Java/jre1.8.0_191/bin;C:/Program Files/Java/jre1.8.0_191/lib/amd64;C:\Program Files (x86)\Common Files\Oracle\Java\javapath;C:\ProgramData\Oracle\Java\javapath;C:\Program Files (x86)\Intel\iCLS Client\;C:\Program Files\Intel\iCLS Client\;C:\Windows\system32;C:\Windows;C:\Windows\System32\Wbem;C:\Windows\System32\WindowsPowerShell\v1.0\;C:\Program Files (x86)\Intel\Intel(R) Management Engine Components\DAL;C:\Program Files\Intel\Intel(R) Management Engine Components\DAL;C:\Program Files (x86)\Intel\Intel(R) Management Engine Components\IPT;C:\Program Files\Intel\Intel(R) Management Engine Components\IPT;C:\Program Files (x86)\NVIDIA Corporation\PhysX\Common;C:\WINDOWS\system32;C:\WINDOWS;C:\WINDOWS\System32\Wbem;C:\WINDOWS\System32\WindowsPowerShell\v1.0\;C:\Program Files\Git\cmd;C:\Program Files\Microsoft VS Code\bin;C:\WINDOWS\System32\OpenSSH\;C:\Users\joëlWäger\AppData\Local\Microsoft\WindowsApps;C:\Program Files\Microsoft VS Code\bin;C:\Users\joëlWäger\AppData\Local\Programs\Microsoft VS Code\bin;C:\Users\joëlWäger\AppData\Local\GitHubDesktop\bin;F:\Schule\2. Lehrjahr\BBW\eclipse-photon-darkest\eclipse;;."/>
    <property name="java.vm.info" value="mixed mode"/>
    <property name="java.vendor" value="Oracle Corporation"/>
    <property name="java.vm.version" value="25.151-b12"/>
    <property name="java.ext.dirs" value="C:\Program Files\Java\jdk1.8.0_151\jre\lib\ext;C:\WINDOWS\Sun\Java\lib\ext"/>
    <property name="sun.io.unicode.encoding" value="UnicodeLittle"/>
    <property name="java.class.version" value="52.0"/>
  </properties>
  <testcase name="initializationError" classname="ch.bbw.ConsoleCalculator.CalculatorTest" time="0.001">
    <error message="Method testSubtractionNullIsOk should have no parameters" type="java.lang.Exception">java.lang.Exception: Method testSubtractionNullIsOk should have no parameters
</error>
  </testcase>
  <testcase name="initializationError" classname="ch.bbw.ConsoleCalculator.CalculatorTest" time="0">
    <error message="Method testSubtractionUeberMax_ValueIsOk should have no parameters" type="java.lang.Exception">java.lang.Exception: Method testSubtractionUeberMax_ValueIsOk should have no parameters
</error>
  </testcase>
  <testcase name="initializationError" classname="ch.bbw.ConsoleCalculator.CalculatorTest" time="0">
    <error message="Method testDivisionMax_ValueIsOk should have no parameters" type="java.lang.Exception">java.lang.Exception: Method testDivisionMax_ValueIsOk should have no parameters
</error>
  </testcase>
  <testcase name="initializationError" classname="ch.bbw.ConsoleCalculator.CalculatorTest" time="0">
    <error message="Method testSubtraction1PositiveUnd1NegativeIsOk should have no parameters" type="java.lang.Exception">java.lang.Exception: Method testSubtraction1PositiveUnd1NegativeIsOk should have no parameters
</error>
  </testcase>
  <testcase name="initializationError" classname="ch.bbw.ConsoleCalculator.CalculatorTest" time="0">
    <error message="Method testSummeMax_ValueIsOk should have no parameters" type="java.lang.Exception">java.lang.Exception: Method testSummeMax_ValueIsOk should have no parameters
</error>
  </testcase>
  <testcase name="initializationError" classname="ch.bbw.ConsoleCalculator.CalculatorTest" time="0.001">
    <error message="Method testSummeNullIsOk should have no parameters" type="java.lang.Exception">java.lang.Exception: Method testSummeNullIsOk should have no parameters
</error>
  </testcase>
  <testcase name="initializationError" classname="ch.bbw.ConsoleCalculator.CalculatorTest" time="0">
    <error message="Method testSubtractionUnterMin_ValueIsOk should have no parameters" type="java.lang.Exception">java.lang.Exception: Method testSubtractionUnterMin_ValueIsOk should have no parameters
</error>
  </testcase>
  <testcase name="initializationError" classname="ch.bbw.ConsoleCalculator.CalculatorTest" time="0">
    <error message="Method testSubtractionNegativesResultatIsOk should have no parameters" type="java.lang.Exception">java.lang.Exception: Method testSubtractionNegativesResultatIsOk should have no parameters
</error>
  </testcase>
  <testcase name="initializationError" classname="ch.bbw.ConsoleCalculator.CalculatorTest" time="0">
    <error message="Method testSummeZweiPositiveIsOk should have no parameters" type="java.lang.Exception">java.lang.Exception: Method testSummeZweiPositiveIsOk should have no parameters
</error>
  </testcase>
  <testcase name="initializationError" classname="ch.bbw.ConsoleCalculator.CalculatorTest" time="0">
    <error message="Method testSummeUeberMax_ValueIsOk should have no parameters" type="java.lang.Exception">java.lang.Exception: Method testSummeUeberMax_ValueIsOk should have no parameters
</error>
  </testcase>
  <testcase name="initializationError" classname="ch.bbw.ConsoleCalculator.CalculatorTest" time="0">
    <error message="Method testSubtractionZweiPositiveIsOk should have no parameters" type="java.lang.Exception">java.lang.Exception: Method testSubtractionZweiPositiveIsOk should have no parameters
</error>
  </testcase>
  <testcase name="initializationError" classname="ch.bbw.ConsoleCalculator.CalculatorTest" time="0">
    <error message="Method testSubtractionMax_ValueIsOk should have no parameters" type="java.lang.Exception">java.lang.Exception: Method testSubtractionMax_ValueIsOk should have no parameters
</error>
  </testcase>
  <testcase name="initializationError" classname="ch.bbw.ConsoleCalculator.CalculatorTest" time="0">
    <error message="Method testSumme1PositiveUnd1NegativeIsOk should have no parameters" type="java.lang.Exception">java.lang.Exception: Method testSumme1PositiveUnd1NegativeIsOk should have no parameters
</error>
  </testcase>
  <testcase name="initializationError" classname="ch.bbw.ConsoleCalculator.CalculatorTest" time="0">
    <error message="Method testSummeUnterMin_ValueIsOk should have no parameters" type="java.lang.Exception">java.lang.Exception: Method testSummeUnterMin_ValueIsOk should have no parameters
</error>
  </testcase>
  <testcase name="initializationError" classname="ch.bbw.ConsoleCalculator.CalculatorTest" time="0">
    <error message="Method testDivision1PositiveUnd1NegativeIsOk should have no parameters" type="java.lang.Exception">java.lang.Exception: Method testDivision1PositiveUnd1NegativeIsOk should have no parameters
</error>
  </testcase>
  <testcase name="initializationError" classname="ch.bbw.ConsoleCalculator.CalculatorTest" time="0">
    <error message="Method testDivisionMin_ValueIsOk should have no parameters" type="java.lang.Exception">java.lang.Exception: Method testDivisionMin_ValueIsOk should have no parameters
</error>
  </testcase>
  <testcase name="initializationError" classname="ch.bbw.ConsoleCalculator.CalculatorTest" time="0">
    <error message="Method testSummeMin_ValueIsOk should have no parameters" type="java.lang.Exception">java.lang.Exception: Method testSummeMin_ValueIsOk should have no parameters
</error>
  </testcase>
  <testcase name="initializationError" classname="ch.bbw.ConsoleCalculator.CalculatorTest" time="0">
    <error message="Method testSummeNegativesResultatIsOk should have no parameters" type="java.lang.Exception">java.lang.Exception: Method testSummeNegativesResultatIsOk should have no parameters
</error>
  </testcase>
  <testcase name="initializationError" classname="ch.bbw.ConsoleCalculator.CalculatorTest" time="0">
    <error message="Method testSubtractionMin_ValueIsOk should have no parameters" type="java.lang.Exception">java.lang.Exception: Method testSubtractionMin_ValueIsOk should have no parameters
</error>
  </testcase>
  <testcase name="initializationError" classname="ch.bbw.ConsoleCalculator.CalculatorTest" time="0">
    <error message="Method testDivisionUeberMax_ValueIsOk should have no parameters" type="java.lang.Exception">java.lang.Exception: Method testDivisionUeberMax_ValueIsOk should have no parameters
</error>
  </testcase>
  <testcase name="initializationError" classname="ch.bbw.ConsoleCalculator.CalculatorTest" time="0.001">
    <error message="Method testDivisionNullIsOk should have no parameters" type="java.lang.Exception">java.lang.Exception: Method testDivisionNullIsOk should have no parameters
</error>
  </testcase>
  <testcase name="initializationError" classname="ch.bbw.ConsoleCalculator.CalculatorTest" time="0">
    <error message="Method testDivisionZweiPositiveIsOk should have no parameters" type="java.lang.Exception">java.lang.Exception: Method testDivisionZweiPositiveIsOk should have no parameters
</error>
  </testcase>
  <testcase name="initializationError" classname="ch.bbw.ConsoleCalculator.CalculatorTest" time="0">
    <error message="Method testDivisionUnterMin_ValueIsOk should have no parameters" type="java.lang.Exception">java.lang.Exception: Method testDivisionUnterMin_ValueIsOk should have no parameters
</error>
  </testcase>
  <testcase name="initializationError" classname="ch.bbw.ConsoleCalculator.CalculatorTest" time="0">
    <error message="Method testDivisionNegativesResultatIsOk should have no parameters" type="java.lang.Exception">java.lang.Exception: Method testDivisionNegativesResultatIsOk should have no parameters
</error>
  </testcase>
</testsuite>