<?xml version="1.0" encoding="UTF-8"?>
<testsuite xmlns:xsi="http://www.w3.org/2001/XMLSchema-instance" xsi:noNamespaceSchemaLocation="https://maven.apache.org/surefire/maven-surefire-plugin/xsd/surefire-test-report.xsd" name="ch.bbw.ConsoleCalculator.CalculatorTest" time="0.003" tests="24" errors="24" skipped="0" failures="0">
  <properties>
[...]
</properties>
  <testcase name="initializationError" classname="ch.bbw.ConsoleCalculator.CalculatorTest" time="0.001">
    <error message="Method testSubtractionNullIsOk should have no parameters" type="java.lang.Exception">java.lang.Exception: Method testSubtractionNullIsOk should have no parameters
</error>
  </testcase>
  <testcase name="initializationError" classname="ch.bbw.ConsoleCalculator.CalculatorTest" time="0">
    <error message="Method testSubtractionUeberMax_ValueIsOk should have no parameters" type="java.lang.Exception">java.lang.Exception: Method testSubtractionUeberMax_ValueIsOk should have no parameters
</error>
  </testcase>
  <testcase name="initializationError" classname="ch.bbw.ConsoleCalculator.CalculatorTest" time="0">
    <error message="Method testDivisionMax_ValueIsOk should have no parameters" type="java.lang.Exception">java.lang.Exception: Method testDivisionMax_ValueIsOk should have no parameters
</error>
  </testcase>
  <testcase name="initializationError" classname="ch.bbw.ConsoleCalculator.CalculatorTest" time="0">
    <error message="Method testSubtraction1PositiveUnd1NegativeIsOk should have no parameters" type="java.lang.Exception">java.lang.Exception: Method testSubtraction1PositiveUnd1NegativeIsOk should have no parameters
</error>
  </testcase>
  <testcase name="initializationError" classname="ch.bbw.ConsoleCalculator.CalculatorTest" time="0">
    <error message="Method testSummeMax_ValueIsOk should have no parameters" type="java.lang.Exception">java.lang.Exception: Method testSummeMax_ValueIsOk should have no parameters
</error>
  </testcase>
  <testcase name="initializationError" classname="ch.bbw.ConsoleCalculator.CalculatorTest" time="0.001">
    <error message="Method testSummeNullIsOk should have no parameters" type="java.lang.Exception">java.lang.Exception: Method testSummeNullIsOk should have no parameters
</error>
  </testcase>
  <testcase name="initializationError" classname="ch.bbw.ConsoleCalculator.CalculatorTest" time="0">
    <error message="Method testSubtractionUnterMin_ValueIsOk should have no parameters" type="java.lang.Exception">java.lang.Exception: Method testSubtractionUnterMin_ValueIsOk should have no parameters
</error>
  </testcase>
  <testcase name="initializationError" classname="ch.bbw.ConsoleCalculator.CalculatorTest" time="0">
    <error message="Method testSubtractionNegativesResultatIsOk should have no parameters" type="java.lang.Exception">java.lang.Exception: Method testSubtractionNegativesResultatIsOk should have no parameters
</error>
  </testcase>
  <testcase name="initializationError" classname="ch.bbw.ConsoleCalculator.CalculatorTest" time="0">
    <error message="Method testSummeZweiPositiveIsOk should have no parameters" type="java.lang.Exception">java.lang.Exception: Method testSummeZweiPositiveIsOk should have no parameters
</error>
  </testcase>
  <testcase name="initializationError" classname="ch.bbw.ConsoleCalculator.CalculatorTest" time="0">
    <error message="Method testSummeUeberMax_ValueIsOk should have no parameters" type="java.lang.Exception">java.lang.Exception: Method testSummeUeberMax_ValueIsOk should have no parameters
</error>
  </testcase>
  <testcase name="initializationError" classname="ch.bbw.ConsoleCalculator.CalculatorTest" time="0">
    <error message="Method testSubtractionZweiPositiveIsOk should have no parameters" type="java.lang.Exception">java.lang.Exception: Method testSubtractionZweiPositiveIsOk should have no parameters
</error>
  </testcase>
  <testcase name="initializationError" classname="ch.bbw.ConsoleCalculator.CalculatorTest" time="0">
    <error message="Method testSubtractionMax_ValueIsOk should have no parameters" type="java.lang.Exception">java.lang.Exception: Method testSubtractionMax_ValueIsOk should have no parameters
</error>
  </testcase>
  <testcase name="initializationError" classname="ch.bbw.ConsoleCalculator.CalculatorTest" time="0">
    <error message="Method testSumme1PositiveUnd1NegativeIsOk should have no parameters" type="java.lang.Exception">java.lang.Exception: Method testSumme1PositiveUnd1NegativeIsOk should have no parameters
</error>
  </testcase>
  <testcase name="initializationError" classname="ch.bbw.ConsoleCalculator.CalculatorTest" time="0">
    <error message="Method testSummeUnterMin_ValueIsOk should have no parameters" type="java.lang.Exception">java.lang.Exception: Method testSummeUnterMin_ValueIsOk should have no parameters
</error>
  </testcase>
  <testcase name="initializationError" classname="ch.bbw.ConsoleCalculator.CalculatorTest" time="0">
    <error message="Method testDivision1PositiveUnd1NegativeIsOk should have no parameters" type="java.lang.Exception">java.lang.Exception: Method testDivision1PositiveUnd1NegativeIsOk should have no parameters
</error>
  </testcase>
  <testcase name="initializationError" classname="ch.bbw.ConsoleCalculator.CalculatorTest" time="0">
    <error message="Method testDivisionMin_ValueIsOk should have no parameters" type="java.lang.Exception">java.lang.Exception: Method testDivisionMin_ValueIsOk should have no parameters
</error>
  </testcase>
  <testcase name="initializationError" classname="ch.bbw.ConsoleCalculator.CalculatorTest" time="0">
    <error message="Method testSummeMin_ValueIsOk should have no parameters" type="java.lang.Exception">java.lang.Exception: Method testSummeMin_ValueIsOk should have no parameters
</error>
  </testcase>
  <testcase name="initializationError" classname="ch.bbw.ConsoleCalculator.CalculatorTest" time="0">
    <error message="Method testSummeNegativesResultatIsOk should have no parameters" type="java.lang.Exception">java.lang.Exception: Method testSummeNegativesResultatIsOk should have no parameters
</error>
  </testcase>
  <testcase name="initializationError" classname="ch.bbw.ConsoleCalculator.CalculatorTest" time="0">
    <error message="Method testSubtractionMin_ValueIsOk should have no parameters" type="java.lang.Exception">java.lang.Exception: Method testSubtractionMin_ValueIsOk should have no parameters
</error>
  </testcase>
  <testcase name="initializationError" classname="ch.bbw.ConsoleCalculator.CalculatorTest" time="0">
    <error message="Method testDivisionUeberMax_ValueIsOk should have no parameters" type="java.lang.Exception">java.lang.Exception: Method testDivisionUeberMax_ValueIsOk should have no parameters
</error>
  </testcase>
  <testcase name="initializationError" classname="ch.bbw.ConsoleCalculator.CalculatorTest" time="0.001">
    <error message="Method testDivisionNullIsOk should have no parameters" type="java.lang.Exception">java.lang.Exception: Method testDivisionNullIsOk should have no parameters
</error>
  </testcase>
  <testcase name="initializationError" classname="ch.bbw.ConsoleCalculator.CalculatorTest" time="0">
    <error message="Method testDivisionZweiPositiveIsOk should have no parameters" type="java.lang.Exception">java.lang.Exception: Method testDivisionZweiPositiveIsOk should have no parameters
</error>
  </testcase>
  <testcase name="initializationError" classname="ch.bbw.ConsoleCalculator.CalculatorTest" time="0">
    <error message="Method testDivisionUnterMin_ValueIsOk should have no parameters" type="java.lang.Exception">java.lang.Exception: Method testDivisionUnterMin_ValueIsOk should have no parameters
</error>
  </testcase>
  <testcase name="initializationError" classname="ch.bbw.ConsoleCalculator.CalculatorTest" time="0">
    <error message="Method testDivisionNegativesResultatIsOk should have no parameters" type="java.lang.Exception">java.lang.Exception: Method testDivisionNegativesResultatIsOk should have no parameters
</error>
  </testcase>
</testsuite>